This is pdfTeX, Version 3.14159265-2.6-1.40.18 (MiKTeX 2.9.6350 64-bit) (preloaded format=pdflatex 2017.10.26)  29 OCT 2017 20:37
entering extended mode
**./main.tex
(main.tex
LaTeX2e <2017-04-15>
Babel <3.10> and hyphenation patterns for 75 language(s) loaded.
("C:\Program Files\MiKTeX 2.9\tex\latex\base\article.cls"
Document Class: article 2014/09/29 v1.4h Standard LaTeX document class
("C:\Program Files\MiKTeX 2.9\tex\latex\base\size10.clo"
File: size10.clo 2014/09/29 v1.4h Standard LaTeX file (size option)
)
\c@part=\count79
\c@section=\count80
\c@subsection=\count81
\c@subsubsection=\count82
\c@paragraph=\count83
\c@subparagraph=\count84
\c@figure=\count85
\c@table=\count86
\abovecaptionskip=\skip41
\belowcaptionskip=\skip42
\bibindent=\dimen102
)
("C:\Program Files\MiKTeX 2.9\tex\generic\babel\babel.sty"
Package: babel 2017/05/19 3.10 The Babel package

*************************************
* Local config file bblopts.cfg used
*
(C:\Users\alex\AppData\Roaming\MiKTeX\2.9\tex\latex\arabi\bblopts.cfg
File: bblopts.cfg 2005/09/08 v0.1 add Arabic and Farsi to "declared" options of
 babel
)
("C:\Program Files\MiKTeX 2.9\tex\latex\babel-english\english.ldf"
Language: english 2017/01/24 v3.3q English support from the babel system

("C:\Program Files\MiKTeX 2.9\tex\generic\babel\babel.def"
File: babel.def 2017/05/19 3.10 Babel common definitions
\babel@savecnt=\count87
\U@D=\dimen103
)
\l@canadian = a dialect from \language\l@american 
\l@australian = a dialect from \language\l@british 
\l@newzealand = a dialect from \language\l@british 
))
("C:\Program Files\MiKTeX 2.9\tex\latex\base\inputenc.sty"
Package: inputenc 2015/03/17 v1.2c Input encoding file
\inpenc@prehook=\toks14
\inpenc@posthook=\toks15

(C:\Users\alex\AppData\Roaming\MiKTeX\2.9\tex\latex\ucs\utf8x.def
File: utf8x.def 2004/10/17 UCS: Input encoding UTF-8
))
(C:\Users\alex\AppData\Roaming\MiKTeX\2.9\tex\latex\ucs\ucs.sty
Package: ucs 2013/05/11 v2.2 UCS: Unicode input support

(C:\Users\alex\AppData\Roaming\MiKTeX\2.9\tex\latex\ucs\uni-global.def
File: uni-global.def 2013/05/13 UCS: Unicode global data
)
\uc@secondtry=\count88
\uc@combtoks=\toks16
\uc@combtoksb=\toks17
\uc@temptokena=\toks18
)
("C:\Program Files\MiKTeX 2.9\tex\latex\base\fontenc.sty"
Package: fontenc 2017/04/05 v2.0i Standard LaTeX package

("C:\Program Files\MiKTeX 2.9\tex\latex\base\t1enc.def"
File: t1enc.def 2017/04/05 v2.0i Standard LaTeX file
LaTeX Font Info:    Redeclaring font encoding T1 on input line 48.
))
("C:\Program Files\MiKTeX 2.9\tex\latex\geometry\geometry.sty"
Package: geometry 2010/09/12 v5.6 Page Geometry

("C:\Program Files\MiKTeX 2.9\tex\latex\graphics\keyval.sty"
Package: keyval 2014/10/28 v1.15 key=value parser (DPC)
\KV@toks@=\toks19
)
("C:\Program Files\MiKTeX 2.9\tex\generic\oberdiek\ifpdf.sty"
Package: ifpdf 2017/03/15 v3.2 Provides the ifpdf switch
)
("C:\Program Files\MiKTeX 2.9\tex\generic\oberdiek\ifvtex.sty"
Package: ifvtex 2016/05/16 v1.6 Detect VTeX and its facilities (HO)
Package ifvtex Info: VTeX not detected.
)
("C:\Program Files\MiKTeX 2.9\tex\generic\ifxetex\ifxetex.sty"
Package: ifxetex 2010/09/12 v0.6 Provides ifxetex conditional
)
\Gm@cnth=\count89
\Gm@cntv=\count90
\c@Gm@tempcnt=\count91
\Gm@bindingoffset=\dimen104
\Gm@wd@mp=\dimen105
\Gm@odd@mp=\dimen106
\Gm@even@mp=\dimen107
\Gm@layoutwidth=\dimen108
\Gm@layoutheight=\dimen109
\Gm@layouthoffset=\dimen110
\Gm@layoutvoffset=\dimen111
\Gm@dimlist=\toks20

("C:\Program Files\MiKTeX 2.9\tex\latex\geometry\geometry.cfg"))
("C:\Program Files\MiKTeX 2.9\tex\latex\amsmath\amsmath.sty"
Package: amsmath 2016/11/05 v2.16a AMS math features
\@mathmargin=\skip43

For additional information on amsmath, use the `?' option.
("C:\Program Files\MiKTeX 2.9\tex\latex\amsmath\amstext.sty"
Package: amstext 2000/06/29 v2.01 AMS text

("C:\Program Files\MiKTeX 2.9\tex\latex\amsmath\amsgen.sty"
File: amsgen.sty 1999/11/30 v2.0 generic functions
\@emptytoks=\toks21
\ex@=\dimen112
))
("C:\Program Files\MiKTeX 2.9\tex\latex\amsmath\amsbsy.sty"
Package: amsbsy 1999/11/29 v1.2d Bold Symbols
\pmbraise@=\dimen113
)
("C:\Program Files\MiKTeX 2.9\tex\latex\amsmath\amsopn.sty"
Package: amsopn 2016/03/08 v2.02 operator names
)
\inf@bad=\count92
LaTeX Info: Redefining \frac on input line 213.
\uproot@=\count93
\leftroot@=\count94
LaTeX Info: Redefining \overline on input line 375.
\classnum@=\count95
\DOTSCASE@=\count96
LaTeX Info: Redefining \ldots on input line 472.
LaTeX Info: Redefining \dots on input line 475.
LaTeX Info: Redefining \cdots on input line 596.
\Mathstrutbox@=\box26
\strutbox@=\box27
\big@size=\dimen114
LaTeX Font Info:    Redeclaring font encoding OML on input line 712.
LaTeX Font Info:    Redeclaring font encoding OMS on input line 713.
\macc@depth=\count97
\c@MaxMatrixCols=\count98
\dotsspace@=\muskip10
\c@parentequation=\count99
\dspbrk@lvl=\count100
\tag@help=\toks22
\row@=\count101
\column@=\count102
\maxfields@=\count103
\andhelp@=\toks23
\eqnshift@=\dimen115
\alignsep@=\dimen116
\tagshift@=\dimen117
\tagwidth@=\dimen118
\totwidth@=\dimen119
\lineht@=\dimen120
\@envbody=\toks24
\multlinegap=\skip44
\multlinetaggap=\skip45
\mathdisplay@stack=\toks25
LaTeX Info: Redefining \[ on input line 2817.
LaTeX Info: Redefining \] on input line 2818.
)
("C:\Program Files\MiKTeX 2.9\tex\latex\graphics\graphicx.sty"
Package: graphicx 2014/10/28 v1.0g Enhanced LaTeX Graphics (DPC,SPQR)

("C:\Program Files\MiKTeX 2.9\tex\latex\graphics\graphics.sty"
Package: graphics 2017/04/14 v1.1b Standard LaTeX Graphics (DPC,SPQR)

("C:\Program Files\MiKTeX 2.9\tex\latex\graphics\trig.sty"
Package: trig 2016/01/03 v1.10 sin cos tan (DPC)
)
("C:\Program Files\MiKTeX 2.9\tex\latex\graphics-cfg\graphics.cfg"
File: graphics.cfg 2016/06/04 v1.11 sample graphics configuration
)
Package graphics Info: Driver file: pdftex.def on input line 99.

("C:\Program Files\MiKTeX 2.9\tex\latex\graphics-def\pdftex.def"
File: pdftex.def 2017/01/12 v0.06k Graphics/color for pdfTeX

("C:\Program Files\MiKTeX 2.9\tex\generic\oberdiek\infwarerr.sty"
Package: infwarerr 2016/05/16 v1.4 Providing info/warning/error messages (HO)
)
("C:\Program Files\MiKTeX 2.9\tex\generic\oberdiek\ltxcmds.sty"
Package: ltxcmds 2016/05/16 v1.23 LaTeX kernel commands for general use (HO)
)
\Gread@gobject=\count104
))
\Gin@req@height=\dimen121
\Gin@req@width=\dimen122
)
(C:\Users\alex\AppData\Roaming\MiKTeX\2.9\tex\latex\fancyhdr\fancyhdr.sty
Package: fancyhdr 2017/06/30 v3.9a Extensive control of page headers and footer
s
\f@nch@headwidth=\skip46
\f@nch@O@elh=\skip47
\f@nch@O@erh=\skip48
\f@nch@O@olh=\skip49
\f@nch@O@orh=\skip50
\f@nch@O@elf=\skip51
\f@nch@O@erf=\skip52
\f@nch@O@olf=\skip53
\f@nch@O@orf=\skip54
)
("C:\Program Files\MiKTeX 2.9\tex\latex\base\textcomp.sty"
Package: textcomp 2017/04/05 v2.0i Standard LaTeX package
Package textcomp Info: Sub-encoding information:
(textcomp)               5 = only ISO-Adobe without \textcurrency
(textcomp)               4 = 5 + \texteuro
(textcomp)               3 = 4 + \textohm
(textcomp)               2 = 3 + \textestimated + \textcurrency
(textcomp)               1 = TS1 - \textcircled - \t
(textcomp)               0 = TS1 (full)
(textcomp)             Font families with sub-encoding setting implement
(textcomp)             only a restricted character set as indicated.
(textcomp)             Family '?' is the default used for unknown fonts.
(textcomp)             See the documentation for details.
Package textcomp Info: Setting ? sub-encoding to TS1/1 on input line 79.

("C:\Program Files\MiKTeX 2.9\tex\latex\base\ts1enc.def"
File: ts1enc.def 2001/06/05 v3.0e (jk/car/fm) Standard LaTeX file
)
LaTeX Info: Redefining \oldstylenums on input line 334.
Package textcomp Info: Setting cmr sub-encoding to TS1/0 on input line 349.
Package textcomp Info: Setting cmss sub-encoding to TS1/0 on input line 350.
Package textcomp Info: Setting cmtt sub-encoding to TS1/0 on input line 351.
Package textcomp Info: Setting cmvtt sub-encoding to TS1/0 on input line 352.
Package textcomp Info: Setting cmbr sub-encoding to TS1/0 on input line 353.
Package textcomp Info: Setting cmtl sub-encoding to TS1/0 on input line 354.
Package textcomp Info: Setting ccr sub-encoding to TS1/0 on input line 355.
Package textcomp Info: Setting ptm sub-encoding to TS1/4 on input line 356.
Package textcomp Info: Setting pcr sub-encoding to TS1/4 on input line 357.
Package textcomp Info: Setting phv sub-encoding to TS1/4 on input line 358.
Package textcomp Info: Setting ppl sub-encoding to TS1/3 on input line 359.
Package textcomp Info: Setting pag sub-encoding to TS1/4 on input line 360.
Package textcomp Info: Setting pbk sub-encoding to TS1/4 on input line 361.
Package textcomp Info: Setting pnc sub-encoding to TS1/4 on input line 362.
Package textcomp Info: Setting pzc sub-encoding to TS1/4 on input line 363.
Package textcomp Info: Setting bch sub-encoding to TS1/4 on input line 364.
Package textcomp Info: Setting put sub-encoding to TS1/5 on input line 365.
Package textcomp Info: Setting uag sub-encoding to TS1/5 on input line 366.
Package textcomp Info: Setting ugq sub-encoding to TS1/5 on input line 367.
Package textcomp Info: Setting ul8 sub-encoding to TS1/4 on input line 368.
Package textcomp Info: Setting ul9 sub-encoding to TS1/4 on input line 369.
Package textcomp Info: Setting augie sub-encoding to TS1/5 on input line 370.
Package textcomp Info: Setting dayrom sub-encoding to TS1/3 on input line 371.
Package textcomp Info: Setting dayroms sub-encoding to TS1/3 on input line 372.

Package textcomp Info: Setting pxr sub-encoding to TS1/0 on input line 373.
Package textcomp Info: Setting pxss sub-encoding to TS1/0 on input line 374.
Package textcomp Info: Setting pxtt sub-encoding to TS1/0 on input line 375.
Package textcomp Info: Setting txr sub-encoding to TS1/0 on input line 376.
Package textcomp Info: Setting txss sub-encoding to TS1/0 on input line 377.
Package textcomp Info: Setting txtt sub-encoding to TS1/0 on input line 378.
Package textcomp Info: Setting lmr sub-encoding to TS1/0 on input line 379.
Package textcomp Info: Setting lmdh sub-encoding to TS1/0 on input line 380.
Package textcomp Info: Setting lmss sub-encoding to TS1/0 on input line 381.
Package textcomp Info: Setting lmssq sub-encoding to TS1/0 on input line 382.
Package textcomp Info: Setting lmvtt sub-encoding to TS1/0 on input line 383.
Package textcomp Info: Setting lmtt sub-encoding to TS1/0 on input line 384.
Package textcomp Info: Setting qhv sub-encoding to TS1/0 on input line 385.
Package textcomp Info: Setting qag sub-encoding to TS1/0 on input line 386.
Package textcomp Info: Setting qbk sub-encoding to TS1/0 on input line 387.
Package textcomp Info: Setting qcr sub-encoding to TS1/0 on input line 388.
Package textcomp Info: Setting qcs sub-encoding to TS1/0 on input line 389.
Package textcomp Info: Setting qpl sub-encoding to TS1/0 on input line 390.
Package textcomp Info: Setting qtm sub-encoding to TS1/0 on input line 391.
Package textcomp Info: Setting qzc sub-encoding to TS1/0 on input line 392.
Package textcomp Info: Setting qhvc sub-encoding to TS1/0 on input line 393.
Package textcomp Info: Setting futs sub-encoding to TS1/4 on input line 394.
Package textcomp Info: Setting futx sub-encoding to TS1/4 on input line 395.
Package textcomp Info: Setting futj sub-encoding to TS1/4 on input line 396.
Package textcomp Info: Setting hlh sub-encoding to TS1/3 on input line 397.
Package textcomp Info: Setting hls sub-encoding to TS1/3 on input line 398.
Package textcomp Info: Setting hlst sub-encoding to TS1/3 on input line 399.
Package textcomp Info: Setting hlct sub-encoding to TS1/5 on input line 400.
Package textcomp Info: Setting hlx sub-encoding to TS1/5 on input line 401.
Package textcomp Info: Setting hlce sub-encoding to TS1/5 on input line 402.
Package textcomp Info: Setting hlcn sub-encoding to TS1/5 on input line 403.
Package textcomp Info: Setting hlcw sub-encoding to TS1/5 on input line 404.
Package textcomp Info: Setting hlcf sub-encoding to TS1/5 on input line 405.
Package textcomp Info: Setting pplx sub-encoding to TS1/3 on input line 406.
Package textcomp Info: Setting pplj sub-encoding to TS1/3 on input line 407.
Package textcomp Info: Setting ptmx sub-encoding to TS1/4 on input line 408.
Package textcomp Info: Setting ptmj sub-encoding to TS1/4 on input line 409.
)
(C:\Users\alex\AppData\Roaming\MiKTeX\2.9\tex\latex\was\gensymb.sty
Package: gensymb 2003/07/02 v1.0 (WaS)
)
("C:\Program Files\MiKTeX 2.9\tex\latex\hyperref\hyperref.sty"
Package: hyperref 2017/03/14 v6.85a Hypertext links for LaTeX

("C:\Program Files\MiKTeX 2.9\tex\generic\oberdiek\hobsub-hyperref.sty"
Package: hobsub-hyperref 2016/05/16 v1.14 Bundle oberdiek, subset hyperref (HO)


("C:\Program Files\MiKTeX 2.9\tex\generic\oberdiek\hobsub-generic.sty"
Package: hobsub-generic 2016/05/16 v1.14 Bundle oberdiek, subset generic (HO)
Package: hobsub 2016/05/16 v1.14 Construct package bundles (HO)
Package hobsub Info: Skipping package `infwarerr' (already loaded).
Package hobsub Info: Skipping package `ltxcmds' (already loaded).
Package: ifluatex 2016/05/16 v1.4 Provides the ifluatex switch (HO)
Package ifluatex Info: LuaTeX not detected.
Package hobsub Info: Skipping package `ifvtex' (already loaded).
Package: intcalc 2016/05/16 v1.2 Expandable calculations with integers (HO)
Package hobsub Info: Skipping package `ifpdf' (already loaded).
Package: etexcmds 2016/05/16 v1.6 Avoid name clashes with e-TeX commands (HO)
Package etexcmds Info: Could not find \expanded.
(etexcmds)             That can mean that you are not using pdfTeX 1.50 or
(etexcmds)             that some package has redefined \expanded.
(etexcmds)             In the latter case, load this package earlier.
Package: kvsetkeys 2016/05/16 v1.17 Key value parser (HO)
Package: kvdefinekeys 2016/05/16 v1.4 Define keys (HO)
Package: pdftexcmds 2017/03/19 v0.25 Utility functions of pdfTeX for LuaTeX (HO
)
Package pdftexcmds Info: LuaTeX not detected.
Package pdftexcmds Info: \pdf@primitive is available.
Package pdftexcmds Info: \pdf@ifprimitive is available.
Package pdftexcmds Info: \pdfdraftmode found.
Package: pdfescape 2016/05/16 v1.14 Implements pdfTeX's escape features (HO)
Package: bigintcalc 2016/05/16 v1.4 Expandable calculations on big integers (HO
)
Package: bitset 2016/05/16 v1.2 Handle bit-vector datatype (HO)
Package: uniquecounter 2016/05/16 v1.3 Provide unlimited unique counter (HO)
)
Package hobsub Info: Skipping package `hobsub' (already loaded).
Package: letltxmacro 2016/05/16 v1.5 Let assignment for LaTeX macros (HO)
Package: hopatch 2016/05/16 v1.3 Wrapper for package hooks (HO)
Package: xcolor-patch 2016/05/16 xcolor patch
Package: atveryend 2016/05/16 v1.9 Hooks at the very end of document (HO)
Package atveryend Info: \enddocument detected (standard20110627).
Package: atbegshi 2016/06/09 v1.18 At begin shipout hook (HO)
Package: refcount 2016/05/16 v3.5 Data extraction from label references (HO)
Package: hycolor 2016/05/16 v1.8 Color options for hyperref/bookmark (HO)
)
("C:\Program Files\MiKTeX 2.9\tex\latex\oberdiek\auxhook.sty"
Package: auxhook 2016/05/16 v1.4 Hooks for auxiliary files (HO)
)
("C:\Program Files\MiKTeX 2.9\tex\latex\oberdiek\kvoptions.sty"
Package: kvoptions 2016/05/16 v3.12 Key value format for package options (HO)
)
\@linkdim=\dimen123
\Hy@linkcounter=\count105
\Hy@pagecounter=\count106

("C:\Program Files\MiKTeX 2.9\tex\latex\hyperref\pd1enc.def"
File: pd1enc.def 2017/03/14 v6.85a Hyperref: PDFDocEncoding definition (HO)
)
\Hy@SavedSpaceFactor=\count107

("C:\Program Files\MiKTeX 2.9\tex\latex\00miktex\hyperref.cfg"
File: hyperref.cfg 2002/06/06 v1.2 hyperref configuration of TeXLive
)
Package hyperref Info: Hyper figures OFF on input line 4498.
Package hyperref Info: Link nesting OFF on input line 4503.
Package hyperref Info: Hyper index ON on input line 4506.
Package hyperref Info: Plain pages OFF on input line 4513.
Package hyperref Info: Backreferencing OFF on input line 4518.
Package hyperref Info: Implicit mode ON; LaTeX internals redefined.
Package hyperref Info: Bookmarks ON on input line 4751.
\c@Hy@tempcnt=\count108

(C:\Users\alex\AppData\Roaming\MiKTeX\2.9\tex\latex\url\url.sty
\Urlmuskip=\muskip11
Package: url 2013/09/16  ver 3.4  Verb mode for urls, etc.
)
LaTeX Info: Redefining \url on input line 5104.
\XeTeXLinkMargin=\dimen124
\Fld@menulength=\count109
\Field@Width=\dimen125
\Fld@charsize=\dimen126
Package hyperref Info: Hyper figures OFF on input line 6358.
Package hyperref Info: Link nesting OFF on input line 6363.
Package hyperref Info: Hyper index ON on input line 6366.
Package hyperref Info: backreferencing OFF on input line 6373.
Package hyperref Info: Link coloring OFF on input line 6378.
Package hyperref Info: Link coloring with OCG OFF on input line 6383.
Package hyperref Info: PDF/A mode OFF on input line 6388.
LaTeX Info: Redefining \ref on input line 6428.
LaTeX Info: Redefining \pageref on input line 6432.
\Hy@abspage=\count110
\c@Item=\count111
\c@Hfootnote=\count112
)

Package hyperref Message: Driver (autodetected): hpdftex.

("C:\Program Files\MiKTeX 2.9\tex\latex\hyperref\hpdftex.def"
File: hpdftex.def 2017/03/14 v6.85a Hyperref driver for pdfTeX
\Fld@listcount=\count113
\c@bookmark@seq@number=\count114

("C:\Program Files\MiKTeX 2.9\tex\latex\oberdiek\rerunfilecheck.sty"
Package: rerunfilecheck 2016/05/16 v1.8 Rerun checks for auxiliary files (HO)
Package uniquecounter Info: New unique counter `rerunfilecheck' on input line 2
82.
)
\Hy@SectionHShift=\skip55
)
(C:\Users\alex\AppData\Roaming\MiKTeX\2.9\tex\latex\readarray\readarray.sty
Package: readarray 2016/11/07\ 2.0\ Routines for inputting 2D and 3D array data
 and recalling it on an element-by-element basis.

("C:\Program Files\MiKTeX 2.9\tex\latex\base\ifthen.sty"
Package: ifthen 2014/09/29 v1.1c Standard LaTeX ifthen package (DPC)
)
(C:\Users\alex\AppData\Roaming\MiKTeX\2.9\tex\latex\listofitems\listofitems.sty

(C:\Users\alex\AppData\Roaming\MiKTeX\2.9\tex\generic\listofitems\listofitems.t
ex
\loi_nestcnt=\count115
)
Package: listofitems 2017/10/24 v1.51 Grab items in lists using user-specified 
sep char (CT)
)
\c@@index=\count116
\c@@plane=\count117
\c@@row=\count118
\c@@col=\count119
\c@use@args=\count120
\c@@record=\count121
\c@arg@index=\count122
\c@break@count=\count123
\c@index@count=\count124
\c@loop@count=\count125
\Arg@toks=\toks26
\@arrayident@toks=\toks27
\rdar@file=\read1

readarray: bounds checking OFF
)
(C:\Users\alex\AppData\Roaming\MiKTeX\2.9\tex\latex\verbatimbox\verbatimbox.sty
Package: verbatimbox 2014/03/12 v3.13 Routines for placing verbatim text into b
oxes, useful in places where the verbatim environment is inaccessible. Secondar
ily, for adding vertical buffer around an object.
("C:\Program Files\MiKTeX 2.9\tex\latex\tools\verbatim.sty"
Package: verbatim 2014/10/28 v1.5q LaTeX2e package for verbatim enhancements
\every@verbatim=\toks28
\verbatim@line=\toks29
\verbatim@in@stream=\read2
)
\savedverbbox=\box28
\c@VerbboxLineNo=\count126
\boxtopsep=\dimen127
\boxbottomsep=\dimen128
\ps@tempdima=\dimen129
\ps@tempboxa=\box29
\boxtop@sep=\skip56
\boxbottom@sep=\skip57
)
(C:\Users\alex\AppData\Roaming\MiKTeX\2.9\tex\latex\siunitx\siunitx.sty
(C:\Users\alex\AppData\Roaming\MiKTeX\2.9\tex\latex\l3kernel\expl3.sty
Package: expl3 2017/09/18 L3 programming layer (loader) 

(C:\Users\alex\AppData\Roaming\MiKTeX\2.9\tex\latex\l3kernel\expl3-code.tex
Package: expl3 2017/09/18 L3 programming layer (code)
\c_max_int=\count127
\l_tmpa_int=\count128
\l_tmpb_int=\count129
\g_tmpa_int=\count130
\g_tmpb_int=\count131
\g__intarray_font_int=\count132
\g__prg_map_int=\count133
\c_log_iow=\count134
\l_iow_line_count_int=\count135
\l__iow_line_target_int=\count136
\l__iow_one_indent_int=\count137
\l__iow_indent_int=\count138
\c_zero_dim=\dimen130
\c_max_dim=\dimen131
\l_tmpa_dim=\dimen132
\l_tmpb_dim=\dimen133
\g_tmpa_dim=\dimen134
\g_tmpb_dim=\dimen135
\c_zero_skip=\skip58
\c_max_skip=\skip59
\l_tmpa_skip=\skip60
\l_tmpb_skip=\skip61
\g_tmpa_skip=\skip62
\g_tmpb_skip=\skip63
\c_zero_muskip=\muskip12
\c_max_muskip=\muskip13
\l_tmpa_muskip=\muskip14
\l_tmpb_muskip=\muskip15
\g_tmpa_muskip=\muskip16
\g_tmpb_muskip=\muskip17
\l_keys_choice_int=\count139
\c__fp_leading_shift_int=\count140
\c__fp_middle_shift_int=\count141
\c__fp_trailing_shift_int=\count142
\c__fp_big_leading_shift_int=\count143
\c__fp_big_middle_shift_int=\count144
\c__fp_big_trailing_shift_int=\count145
\c__fp_Bigg_leading_shift_int=\count146
\c__fp_Bigg_middle_shift_int=\count147
\c__fp_Bigg_trailing_shift_int=\count148
\c__fp_rand_size_int=\count149
\c__fp_rand_four_int=\count150
\c__fp_rand_eight_int=\count151
\l__sort_length_int=\count152
\l__sort_min_int=\count153
\l__sort_top_int=\count154
\l__sort_max_int=\count155
\l__sort_true_max_int=\count156
\l__sort_block_int=\count157
\l__sort_begin_int=\count158
\l__sort_end_int=\count159
\l__sort_A_int=\count160
\l__sort_B_int=\count161
\l__sort_C_int=\count162
\l__tl_build_start_index_int=\count163
\l__tl_build_index_int=\count164
\l__tl_analysis_normal_int=\count165
\l__tl_analysis_index_int=\count166
\l__tl_analysis_nesting_int=\count167
\l__tl_analysis_type_int=\count168
\l__regex_internal_a_int=\count169
\l__regex_internal_b_int=\count170
\l__regex_internal_c_int=\count171
\l__regex_balance_int=\count172
\l__regex_group_level_int=\count173
\l__regex_mode_int=\count174
\c__regex_cs_in_class_mode_int=\count175
\c__regex_cs_mode_int=\count176
\l__regex_catcodes_int=\count177
\l__regex_default_catcodes_int=\count178
\c__regex_catcode_D_int=\count179
\c__regex_catcode_S_int=\count180
\c__regex_catcode_L_int=\count181
\c__regex_catcode_O_int=\count182
\c__regex_catcode_A_int=\count183
\c__regex_all_catcodes_int=\count184
\l__regex_show_lines_int=\count185
\l__regex_min_state_int=\count186
\l__regex_max_state_int=\count187
\l__regex_left_state_int=\count188
\l__regex_right_state_int=\count189
\l__regex_capturing_group_int=\count190
\l__regex_min_pos_int=\count191
\l__regex_max_pos_int=\count192
\l__regex_curr_pos_int=\count193
\l__regex_start_pos_int=\count194
\l__regex_success_pos_int=\count195
\l__regex_curr_char_int=\count196
\l__regex_curr_catcode_int=\count197
\l__regex_last_char_int=\count198
\l__regex_case_changed_char_int=\count199
\l__regex_curr_state_int=\count266
\l__regex_step_int=\count267
\l__regex_min_active_int=\count268
\l__regex_max_active_int=\count269
\l__regex_replacement_csnames_int=\count270
\l__regex_match_count_int=\count271
\l__regex_min_submatch_int=\count272
\l__regex_submatch_int=\count273
\l__regex_zeroth_submatch_int=\count274
\g__debug_trace_regex_int=\count275
\c_empty_box=\box30
\l_tmpa_box=\box31
\l_tmpb_box=\box32
\g_tmpa_box=\box33
\g_tmpb_box=\box34
\l__box_top_dim=\dimen136
\l__box_bottom_dim=\dimen137
\l__box_left_dim=\dimen138
\l__box_right_dim=\dimen139
\l__box_top_new_dim=\dimen140
\l__box_bottom_new_dim=\dimen141
\l__box_left_new_dim=\dimen142
\l__box_right_new_dim=\dimen143
\l__box_internal_box=\box35
\l__coffin_internal_box=\box36
\l__coffin_internal_dim=\dimen144
\l__coffin_offset_x_dim=\dimen145
\l__coffin_offset_y_dim=\dimen146
\l__coffin_x_dim=\dimen147
\l__coffin_y_dim=\dimen148
\l__coffin_x_prime_dim=\dimen149
\l__coffin_y_prime_dim=\dimen150
\c_empty_coffin=\box37
\l__coffin_aligned_coffin=\box38
\l__coffin_aligned_internal_coffin=\box39
\l_tmpa_coffin=\box40
\l_tmpb_coffin=\box41
\l__coffin_display_coffin=\box42
\l__coffin_display_coord_coffin=\box43
\l__coffin_display_pole_coffin=\box44
\l__coffin_display_offset_dim=\dimen151
\l__coffin_display_x_dim=\dimen152
\l__coffin_display_y_dim=\dimen153
\l__coffin_bounding_shift_dim=\dimen154
\l__coffin_left_corner_dim=\dimen155
\l__coffin_right_corner_dim=\dimen156
\l__coffin_bottom_corner_dim=\dimen157
\l__coffin_top_corner_dim=\dimen158
\l__coffin_scaled_total_height_dim=\dimen159
\l__coffin_scaled_width_dim=\dimen160
)
(C:\Users\alex\AppData\Roaming\MiKTeX\2.9\tex\latex\l3kernel\l3pdfmode.def
File: l3pdfmode.def 2017/03/18 v L3 Experimental driver: PDF mode
\l__driver_color_stack_int=\count276
\l__driver_tmp_box=\box45
))
(C:\Users\alex\AppData\Roaming\MiKTeX\2.9\tex\latex\l3packages\xparse\xparse.st
y
Package: xparse 2017/09/18 L3 Experimental document command parser
\l__xparse_current_arg_int=\count277
\g__xparse_grabber_int=\count278
\l__xparse_m_args_int=\count279
\l__xparse_mandatory_args_int=\count280
\l__xparse_v_nesting_int=\count281
)
Package: siunitx 2017/08/02 v2.7j A comprehensive (SI) units package
 ("C:\Program Files\MiKTeX 2.9\tex\latex\tools\array.sty"
Package: array 2016/10/06 v2.4d Tabular extension package (FMi)
\col@sep=\dimen161
\extrarowheight=\dimen162
\NC@list=\toks30
\extratabsurround=\skip64
\backup@length=\skip65
)
(C:\Users\alex\AppData\Roaming\MiKTeX\2.9\tex\latex\l3packages\l3keys2e\l3keys2
e.sty
Package: l3keys2e 2017/09/18 LaTeX2e option processing using LaTeX3 keys
)
\l__siunitx_tmp_box=\box46
\l__siunitx_tmp_dim=\dimen163
\l__siunitx_tmp_int=\count282
\l__siunitx_number_mantissa_length_int=\count283
\l__siunitx_number_uncert_length_int=\count284
\l__siunitx_round_int=\count285
\l__siunitx_process_decimal_int=\count286
\l__siunitx_process_uncertainty_int=\count287
\l__siunitx_process_fixed_int=\count288
\l__siunitx_process_integer_min_int=\count289
\l__siunitx_process_precision_int=\count290
\l__siunitx_group_min_int=\count291
\l__siunitx_angle_marker_box=\box47
\l__siunitx_angle_unit_box=\box48
\l__siunitx_angle_marker_dim=\dimen164
\l__siunitx_angle_unit_dim=\dimen165
\l__siunitx_unit_int=\count292
\l__siunitx_unit_denominator_int=\count293
\l__siunitx_unit_numerator_int=\count294
\l__siunitx_unit_prefix_int=\count295
\l__siunitx_unit_prefix_base_int=\count296
\l__siunitx_unit_prefix_gram_int=\count297
\l__siunitx_number_product_int=\count298
\c__siunitx_one_fill_skip=\skip66
\l__siunitx_table_unit_align_skip=\skip67
\l__siunitx_table_exponent_dim=\dimen166
\l__siunitx_table_integer_dim=\dimen167
\l__siunitx_table_mantissa_dim=\dimen168
\l__siunitx_table_marker_dim=\dimen169
\l__siunitx_table_result_dim=\dimen170
\l__siunitx_table_uncert_dim=\dimen171
\l__siunitx_table_fill_pre_dim=\dimen172
\l__siunitx_table_fill_post_dim=\dimen173
\l__siunitx_table_fill_mid_dim=\dimen174
\l__siunitx_table_pre_box=\box49
\l__siunitx_table_post_box=\box50
\l__siunitx_table_mantissa_box=\box51
\l__siunitx_table_result_box=\box52
\l__siunitx_table_number_align_skip=\skip68
\l__siunitx_table_text_align_skip=\skip69
.................................................
. LaTeX info: "xparse/define-command"
. 
. Defining command \DeclareBinaryPrefix with sig. 'mmm' on line 7247.
.................................................
.................................................
. LaTeX info: "xparse/define-command"
. 
. Defining command \DeclareSIPostPower with sig. 'mm' on line 7250.
.................................................
.................................................
. LaTeX info: "xparse/define-command"
. 
. Defining command \DeclareSIPrefix with sig. 'mmm' on line 7253.
.................................................
.................................................
. LaTeX info: "xparse/define-command"
. 
. Defining command \DeclareSIPrePower with sig. 'mm' on line 7256.
.................................................
.................................................
. LaTeX info: "xparse/define-command"
. 
. Defining command \DeclareSIQualifier with sig. 'mm' on line 7259.
.................................................
.................................................
. LaTeX info: "xparse/define-command"
. 
. Defining command \DeclareSIUnit with sig. 'O{}mm' on line 7262.
.................................................
.................................................
. LaTeX info: "xparse/define-command"
. 
. Defining command \DeclareSIUnitWithOptions with sig. 'mmm' on line 7265.
.................................................
.................................................
. LaTeX info: "xparse/define-command"
. 
. Defining command \ang with sig. 'o>{\SplitArgument {2}{;}}m' on line 7280.
.................................................
.................................................
. LaTeX info: "xparse/define-command"
. 
. Defining command \num with sig. 'om' on line 7289.
.................................................
.................................................
. LaTeX info: "xparse/define-command"
. 
. Defining command \numlist with sig. 'o>{\SplitList {;}}m' on line 7298.
.................................................
.................................................
. LaTeX info: "xparse/define-command"
. 
. Defining command \numrange with sig. 'omm' on line 7307.
.................................................
.................................................
. LaTeX info: "xparse/define-command"
. 
. Defining command \SIlist with sig. 'o>{\SplitList {;}}mm' on line 7319.
.................................................
.................................................
. LaTeX info: "xparse/define-command"
. 
. Defining command \SIrange with sig. 'ommm' on line 7331.
.................................................
.................................................
. LaTeX info: "xparse/define-command"
. 
. Defining command \SI with sig. 'omom' on line 7343.
.................................................
.................................................
. LaTeX info: "xparse/define-command"
. 
. Defining command \sisetup with sig. 'm' on line 7346.
.................................................
.................................................
. LaTeX info: "xparse/define-command"
. 
. Defining command \tablenum with sig. 'om' on line 7361.
.................................................
.................................................
. LaTeX info: "xparse/define-command"
. 
. Defining command \si with sig. 'om' on line 7373.
.................................................
.................................................
. LaTeX info: "xparse/define-command"
. 
. Defining command \numInBookmark with sig. 'om' on line 7420.
.................................................
.................................................
. LaTeX info: "xparse/define-command"
. 
. Defining command \numrangeInBookmark with sig. 'omm' on line 7422.
.................................................
.................................................
. LaTeX info: "xparse/define-command"
. 
. Defining command \SIInBookmark with sig. 'omom' on line 7424.
.................................................
.................................................
. LaTeX info: "xparse/define-command"
. 
. Defining command \SIlistInBookmark with sig. 'omm' on line 7426.
.................................................
.................................................
. LaTeX info: "xparse/define-command"
. 
. Defining command \SIrangeInBookmark with sig. 'ommm' on line 7428.
.................................................
.................................................
. LaTeX info: "xparse/define-command"
. 
. Defining command \siInBookmark with sig. 'om' on line 7429.
.................................................
\g__file_internal_ior=\read3

(C:\Users\alex\AppData\Roaming\MiKTeX\2.9\tex\latex\beamer\translator\translato
r.sty
Package: translator 2010/06/12 ver 1.10

(C:\Users\alex\AppData\Roaming\MiKTeX\2.9\tex\latex\beamer\translator\translato
r-language-mappings.tex)))
(C:\Users\alex\AppData\Roaming\MiKTeX\2.9\tex\latex\framed\framed.sty
Package: framed 2011/10/22 v 0.96: framed or shaded text with page breaks
\OuterFrameSep=\skip70
\fb@frw=\dimen175
\fb@frh=\dimen176
\FrameRule=\dimen177
\FrameSep=\dimen178
)
(C:\Users\alex\AppData\Roaming\MiKTeX\2.9\tex\latex\xcolor\xcolor.sty
Package: xcolor 2016/05/11 v2.12 LaTeX color extensions (UK)

("C:\Program Files\MiKTeX 2.9\tex\latex\graphics-cfg\color.cfg"
File: color.cfg 2016/01/02 v1.6 sample color configuration
)
Package xcolor Info: Driver file: pdftex.def on input line 225.
Package xcolor Info: Model `cmy' substituted by `cmy0' on input line 1348.
Package xcolor Info: Model `hsb' substituted by `rgb' on input line 1352.
Package xcolor Info: Model `RGB' extended on input line 1364.
Package xcolor Info: Model `HTML' substituted by `rgb' on input line 1366.
Package xcolor Info: Model `Hsb' substituted by `hsb' on input line 1367.
Package xcolor Info: Model `tHsb' substituted by `hsb' on input line 1368.
Package xcolor Info: Model `HSB' substituted by `hsb' on input line 1369.
Package xcolor Info: Model `Gray' substituted by `gray' on input line 1370.
Package xcolor Info: Model `wave' substituted by `hsb' on input line 1371.

("C:\Program Files\MiKTeX 2.9\tex\latex\graphics\dvipsnam.def"
File: dvipsnam.def 2016/06/17 v3.0m Driver-dependent file (DPC,SPQR)
))
(C:\Users\alex\AppData\Roaming\MiKTeX\2.9\tex\latex\tcolorbox\tcolorbox.sty
Package: tcolorbox 2017/09/14 version 4.11 text color boxes

(C:\Users\alex\AppData\Roaming\MiKTeX\2.9\tex\latex\pgf\basiclayer\pgf.sty
(C:\Users\alex\AppData\Roaming\MiKTeX\2.9\tex\latex\pgf\utilities\pgfrcs.sty
(C:\Users\alex\AppData\Roaming\MiKTeX\2.9\tex\generic\pgf\utilities\pgfutil-com
mon.tex
\pgfutil@everybye=\toks31
\pgfutil@tempdima=\dimen179
\pgfutil@tempdimb=\dimen180

(C:\Users\alex\AppData\Roaming\MiKTeX\2.9\tex\generic\pgf\utilities\pgfutil-com
mon-lists.tex))
(C:\Users\alex\AppData\Roaming\MiKTeX\2.9\tex\generic\pgf\utilities\pgfutil-lat
ex.def
\pgfutil@abb=\box53
 (C:\Users\alex\AppData\Roaming\MiKTeX\2.9\tex\latex\ms\everyshi.sty
Package: everyshi 2001/05/15 v3.00 EveryShipout Package (MS)
))
(C:\Users\alex\AppData\Roaming\MiKTeX\2.9\tex\generic\pgf\utilities\pgfrcs.code
.tex
Package: pgfrcs 2015/08/07 v3.0.1a (rcs-revision 1.31)
))
Package: pgf 2015/08/07 v3.0.1a (rcs-revision 1.15)

(C:\Users\alex\AppData\Roaming\MiKTeX\2.9\tex\latex\pgf\basiclayer\pgfcore.sty
(C:\Users\alex\AppData\Roaming\MiKTeX\2.9\tex\latex\pgf\systemlayer\pgfsys.sty
(C:\Users\alex\AppData\Roaming\MiKTeX\2.9\tex\generic\pgf\systemlayer\pgfsys.co
de.tex
Package: pgfsys 2014/07/09 v3.0.1a (rcs-revision 1.48)

(C:\Users\alex\AppData\Roaming\MiKTeX\2.9\tex\generic\pgf\utilities\pgfkeys.cod
e.tex
\pgfkeys@pathtoks=\toks32
\pgfkeys@temptoks=\toks33

(C:\Users\alex\AppData\Roaming\MiKTeX\2.9\tex\generic\pgf\utilities\pgfkeysfilt
ered.code.tex
\pgfkeys@tmptoks=\toks34
))
\pgf@x=\dimen181
\pgf@y=\dimen182
\pgf@xa=\dimen183
\pgf@ya=\dimen184
\pgf@xb=\dimen185
\pgf@yb=\dimen186
\pgf@xc=\dimen187
\pgf@yc=\dimen188
\w@pgf@writea=\write3
\r@pgf@reada=\read4
\c@pgf@counta=\count299
\c@pgf@countb=\count300
\c@pgf@countc=\count301
\c@pgf@countd=\count302
\t@pgf@toka=\toks35
\t@pgf@tokb=\toks36
\t@pgf@tokc=\toks37

(C:\Users\alex\AppData\Roaming\MiKTeX\2.9\tex\generic\pgf\systemlayer\pgf.cfg
File: pgf.cfg 2008/05/14  (rcs-revision 1.7)
)
Driver file for pgf: pgfsys-pdftex.def

(C:\Users\alex\AppData\Roaming\MiKTeX\2.9\tex\generic\pgf\systemlayer\pgfsys-pd
ftex.def
File: pgfsys-pdftex.def 2014/10/11  (rcs-revision 1.35)

(C:\Users\alex\AppData\Roaming\MiKTeX\2.9\tex\generic\pgf\systemlayer\pgfsys-co
mmon-pdf.def
File: pgfsys-common-pdf.def 2013/10/10  (rcs-revision 1.13)
)))
(C:\Users\alex\AppData\Roaming\MiKTeX\2.9\tex\generic\pgf\systemlayer\pgfsyssof
tpath.code.tex
File: pgfsyssoftpath.code.tex 2013/09/09  (rcs-revision 1.9)
\pgfsyssoftpath@smallbuffer@items=\count303
\pgfsyssoftpath@bigbuffer@items=\count304
)
(C:\Users\alex\AppData\Roaming\MiKTeX\2.9\tex\generic\pgf\systemlayer\pgfsyspro
tocol.code.tex
File: pgfsysprotocol.code.tex 2006/10/16  (rcs-revision 1.4)
))
(C:\Users\alex\AppData\Roaming\MiKTeX\2.9\tex\generic\pgf\basiclayer\pgfcore.co
de.tex
Package: pgfcore 2010/04/11 v3.0.1a (rcs-revision 1.7)

(C:\Users\alex\AppData\Roaming\MiKTeX\2.9\tex\generic\pgf\math\pgfmath.code.tex

(C:\Users\alex\AppData\Roaming\MiKTeX\2.9\tex\generic\pgf\math\pgfmathcalc.code
.tex
(C:\Users\alex\AppData\Roaming\MiKTeX\2.9\tex\generic\pgf\math\pgfmathutil.code
.tex)
(C:\Users\alex\AppData\Roaming\MiKTeX\2.9\tex\generic\pgf\math\pgfmathparser.co
de.tex
\pgfmath@dimen=\dimen189
\pgfmath@count=\count305
\pgfmath@box=\box54
\pgfmath@toks=\toks38
\pgfmath@stack@operand=\toks39
\pgfmath@stack@operation=\toks40
)
(C:\Users\alex\AppData\Roaming\MiKTeX\2.9\tex\generic\pgf\math\pgfmathfunctions
.code.tex
(C:\Users\alex\AppData\Roaming\MiKTeX\2.9\tex\generic\pgf\math\pgfmathfunctions
.basic.code.tex)
(C:\Users\alex\AppData\Roaming\MiKTeX\2.9\tex\generic\pgf\math\pgfmathfunctions
.trigonometric.code.tex)
(C:\Users\alex\AppData\Roaming\MiKTeX\2.9\tex\generic\pgf\math\pgfmathfunctions
.random.code.tex)
(C:\Users\alex\AppData\Roaming\MiKTeX\2.9\tex\generic\pgf\math\pgfmathfunctions
.comparison.code.tex)
(C:\Users\alex\AppData\Roaming\MiKTeX\2.9\tex\generic\pgf\math\pgfmathfunctions
.base.code.tex)
(C:\Users\alex\AppData\Roaming\MiKTeX\2.9\tex\generic\pgf\math\pgfmathfunctions
.round.code.tex)
(C:\Users\alex\AppData\Roaming\MiKTeX\2.9\tex\generic\pgf\math\pgfmathfunctions
.misc.code.tex)
(C:\Users\alex\AppData\Roaming\MiKTeX\2.9\tex\generic\pgf\math\pgfmathfunctions
.integerarithmetics.code.tex)))
(C:\Users\alex\AppData\Roaming\MiKTeX\2.9\tex\generic\pgf\math\pgfmathfloat.cod
e.tex
\c@pgfmathroundto@lastzeros=\count306
))
(C:\Users\alex\AppData\Roaming\MiKTeX\2.9\tex\generic\pgf\basiclayer\pgfcorepoi
nts.code.tex
File: pgfcorepoints.code.tex 2013/10/07  (rcs-revision 1.27)
\pgf@picminx=\dimen190
\pgf@picmaxx=\dimen191
\pgf@picminy=\dimen192
\pgf@picmaxy=\dimen193
\pgf@pathminx=\dimen194
\pgf@pathmaxx=\dimen195
\pgf@pathminy=\dimen196
\pgf@pathmaxy=\dimen197
\pgf@xx=\dimen198
\pgf@xy=\dimen199
\pgf@yx=\dimen256
\pgf@yy=\dimen257
\pgf@zx=\dimen258
\pgf@zy=\dimen259
)
(C:\Users\alex\AppData\Roaming\MiKTeX\2.9\tex\generic\pgf\basiclayer\pgfcorepat
hconstruct.code.tex
File: pgfcorepathconstruct.code.tex 2013/10/07  (rcs-revision 1.29)
\pgf@path@lastx=\dimen260
\pgf@path@lasty=\dimen261
)
(C:\Users\alex\AppData\Roaming\MiKTeX\2.9\tex\generic\pgf\basiclayer\pgfcorepat
husage.code.tex
File: pgfcorepathusage.code.tex 2014/11/02  (rcs-revision 1.24)
\pgf@shorten@end@additional=\dimen262
\pgf@shorten@start@additional=\dimen263
)
(C:\Users\alex\AppData\Roaming\MiKTeX\2.9\tex\generic\pgf\basiclayer\pgfcoresco
pes.code.tex
File: pgfcorescopes.code.tex 2015/05/08  (rcs-revision 1.46)
\pgfpic=\box55
\pgf@hbox=\box56
\pgf@layerbox@main=\box57
\pgf@picture@serial@count=\count307
)
(C:\Users\alex\AppData\Roaming\MiKTeX\2.9\tex\generic\pgf\basiclayer\pgfcoregra
phicstate.code.tex
File: pgfcoregraphicstate.code.tex 2014/11/02  (rcs-revision 1.12)
\pgflinewidth=\dimen264
)
(C:\Users\alex\AppData\Roaming\MiKTeX\2.9\tex\generic\pgf\basiclayer\pgfcoretra
nsformations.code.tex
File: pgfcoretransformations.code.tex 2015/08/07  (rcs-revision 1.20)
\pgf@pt@x=\dimen265
\pgf@pt@y=\dimen266
\pgf@pt@temp=\dimen267
)
(C:\Users\alex\AppData\Roaming\MiKTeX\2.9\tex\generic\pgf\basiclayer\pgfcorequi
ck.code.tex
File: pgfcorequick.code.tex 2008/10/09  (rcs-revision 1.3)
)
(C:\Users\alex\AppData\Roaming\MiKTeX\2.9\tex\generic\pgf\basiclayer\pgfcoreobj
ects.code.tex
File: pgfcoreobjects.code.tex 2006/10/11  (rcs-revision 1.2)
)
(C:\Users\alex\AppData\Roaming\MiKTeX\2.9\tex\generic\pgf\basiclayer\pgfcorepat
hprocessing.code.tex
File: pgfcorepathprocessing.code.tex 2013/09/09  (rcs-revision 1.9)
)
(C:\Users\alex\AppData\Roaming\MiKTeX\2.9\tex\generic\pgf\basiclayer\pgfcorearr
ows.code.tex
File: pgfcorearrows.code.tex 2015/05/14  (rcs-revision 1.43)
\pgfarrowsep=\dimen268
)
(C:\Users\alex\AppData\Roaming\MiKTeX\2.9\tex\generic\pgf\basiclayer\pgfcoresha
de.code.tex
File: pgfcoreshade.code.tex 2013/07/15  (rcs-revision 1.15)
\pgf@max=\dimen269
\pgf@sys@shading@range@num=\count308
)
(C:\Users\alex\AppData\Roaming\MiKTeX\2.9\tex\generic\pgf\basiclayer\pgfcoreima
ge.code.tex
File: pgfcoreimage.code.tex 2013/07/15  (rcs-revision 1.18)

(C:\Users\alex\AppData\Roaming\MiKTeX\2.9\tex\generic\pgf\basiclayer\pgfcoreext
ernal.code.tex
File: pgfcoreexternal.code.tex 2014/07/09  (rcs-revision 1.21)
\pgfexternal@startupbox=\box58
))
(C:\Users\alex\AppData\Roaming\MiKTeX\2.9\tex\generic\pgf\basiclayer\pgfcorelay
ers.code.tex
File: pgfcorelayers.code.tex 2013/07/18  (rcs-revision 1.7)
)
(C:\Users\alex\AppData\Roaming\MiKTeX\2.9\tex\generic\pgf\basiclayer\pgfcoretra
nsparency.code.tex
File: pgfcoretransparency.code.tex 2013/09/30  (rcs-revision 1.5)
)
(C:\Users\alex\AppData\Roaming\MiKTeX\2.9\tex\generic\pgf\basiclayer\pgfcorepat
terns.code.tex
File: pgfcorepatterns.code.tex 2013/11/07  (rcs-revision 1.5)
)))
(C:\Users\alex\AppData\Roaming\MiKTeX\2.9\tex\generic\pgf\modules\pgfmoduleshap
es.code.tex
File: pgfmoduleshapes.code.tex 2014/03/21  (rcs-revision 1.35)
\pgfnodeparttextbox=\box59
)
(C:\Users\alex\AppData\Roaming\MiKTeX\2.9\tex\generic\pgf\modules\pgfmoduleplot
.code.tex
File: pgfmoduleplot.code.tex 2015/08/03  (rcs-revision 1.13)
)
(C:\Users\alex\AppData\Roaming\MiKTeX\2.9\tex\latex\pgf\compatibility\pgfcomp-v
ersion-0-65.sty
Package: pgfcomp-version-0-65 2007/07/03 v3.0.1a (rcs-revision 1.7)
\pgf@nodesepstart=\dimen270
\pgf@nodesepend=\dimen271
)
(C:\Users\alex\AppData\Roaming\MiKTeX\2.9\tex\latex\pgf\compatibility\pgfcomp-v
ersion-1-18.sty
Package: pgfcomp-version-1-18 2007/07/23 v3.0.1a (rcs-revision 1.1)
))
(C:\Users\alex\AppData\Roaming\MiKTeX\2.9\tex\latex\environ\environ.sty
Package: environ 2014/05/04 v0.3 A new way to define environments

(C:\Users\alex\AppData\Roaming\MiKTeX\2.9\tex\latex\trimspaces\trimspaces.sty
Package: trimspaces 2009/09/17 v1.1 Trim spaces around a token list
)) (C:\Users\alex\AppData\Roaming\MiKTeX\2.9\tex\latex\etoolbox\etoolbox.sty
Package: etoolbox 2017/01/02 v2.4 e-TeX tools for LaTeX (JAW)
\etb@tempcnta=\count309
)
\tcb@titlebox=\box60
\tcb@upperbox=\box61
\tcb@lowerbox=\box62
\tcb@phantombox=\box63
\c@tcbbreakpart=\count310
\c@tcblayer=\count311
\tcolorbox@number=\count312
\tcb@temp=\box64
\tcb@temp=\box65
\tcb@temp=\box66
\tcb@temp=\box67
\tcb@out=\write4
\tcb@record@out=\write5
)
(C:\Users\alex\AppData\Roaming\MiKTeX\2.9\tex\latex\colortbl\colortbl.sty
Package: colortbl 2012/02/13 v1.0a Color table columns (DPC)
\everycr=\toks41
\minrowclearance=\skip71
)
(C:\Users\alex\AppData\Roaming\MiKTeX\2.9\tex\latex\libertine\libertine.sty
Package: libertine 2017/03/22 (Bob Tennent) Supports Libertine and Biolinum fon
ts for all LaTeX engines.

("C:\Program Files\MiKTeX 2.9\tex\latex\xkeyval\xkeyval.sty"
Package: xkeyval 2014/12/03 v2.7a package option processing (HA)

("C:\Program Files\MiKTeX 2.9\tex\generic\xkeyval\xkeyval.tex"
("C:\Program Files\MiKTeX 2.9\tex\generic\xkeyval\xkvutils.tex"
\XKV@toks=\toks42
\XKV@tempa@toks=\toks43
)
\XKV@depth=\count313
File: xkeyval.tex 2014/12/03 v2.7a key=value parser (HA)
))
(C:\Users\alex\AppData\Roaming\MiKTeX\2.9\tex\latex\mweights\mweights.sty
Package: mweights 2017/03/30 (Bob Tennent) Support package for multiple-weight 
font packages. 
LaTeX Info: Redefining \bfseries on input line 22.
LaTeX Info: Redefining \mdseries on input line 30.
LaTeX Info: Redefining \rmfamily on input line 38.
LaTeX Info: Redefining \sffamily on input line 66.
LaTeX Info: Redefining \ttfamily on input line 94.
)
("C:\Program Files\MiKTeX 2.9\tex\latex\base\fontenc.sty"
Package: fontenc 2017/04/05 v2.0i Standard LaTeX package
)
(C:\Users\alex\AppData\Roaming\MiKTeX\2.9\tex\latex\fontaxes\fontaxes.sty
Package: fontaxes 2014/03/23 v1.0d Font selection axes
LaTeX Info: Redefining \upshape on input line 29.
LaTeX Info: Redefining \itshape on input line 31.
LaTeX Info: Redefining \slshape on input line 33.
LaTeX Info: Redefining \scshape on input line 37.
)
LaTeX Info: Redefining \oldstylenums on input line 481.

(C:\Users\alex\AppData\Roaming\MiKTeX\2.9\tex\latex\libertine\LinLibertine_I.te
x)) ("C:\Program Files\MiKTeX 2.9\tex\latex\multirow\multirow.sty"
Package: multirow 2016/11/25 v2.2 Span multiple rows of a table
\multirow@colwidth=\skip72
\multirow@cntb=\count314
\multirow@dima=\skip73
\bigstrutjot=\dimen272
)

LaTeX Warning: Unused global option(s):
    [xcolor=table].

No file main.aux.
\openout1 = `main.aux'.

LaTeX Font Info:    Checking defaults for OML/cmm/m/it on input line 106.
LaTeX Font Info:    ... okay on input line 106.
LaTeX Font Info:    Checking defaults for T1/cmr/m/n on input line 106.
LaTeX Font Info:    ... okay on input line 106.
LaTeX Font Info:    Checking defaults for OT1/cmr/m/n on input line 106.
LaTeX Font Info:    ... okay on input line 106.
LaTeX Font Info:    Checking defaults for OMS/cmsy/m/n on input line 106.
LaTeX Font Info:    ... okay on input line 106.
LaTeX Font Info:    Checking defaults for OMX/cmex/m/n on input line 106.
LaTeX Font Info:    ... okay on input line 106.
LaTeX Font Info:    Checking defaults for U/cmr/m/n on input line 106.
LaTeX Font Info:    ... okay on input line 106.
LaTeX Font Info:    Checking defaults for TS1/cmr/m/n on input line 106.
LaTeX Font Info:    Try loading font information for TS1+cmr on input line 106.

("C:\Program Files\MiKTeX 2.9\tex\latex\base\ts1cmr.fd"
File: ts1cmr.fd 2014/09/29 v2.5h Standard LaTeX font definitions
)
LaTeX Font Info:    ... okay on input line 106.
LaTeX Font Info:    Checking defaults for PD1/pdf/m/n on input line 106.
LaTeX Font Info:    ... okay on input line 106.
LaTeX Font Info:    Try loading font information for T1+LinuxLibertineT-TLF on 
input line 106.

(C:\Users\alex\AppData\Roaming\MiKTeX\2.9\tex\latex\libertine\t1linuxlibertinet
-tlf.fd
File: T1LinuxLibertineT-TLF.fd 2017/03/20 (autoinst) Font definitions for T1/Li
nuxLibertineT-TLF.
)
LaTeX Font Info:    Font shape `T1/LinuxLibertineT-TLF/m/n' will be
(Font)              scaled to size 10.0pt on input line 106.
 (C:\Users\alex\AppData\Roaming\MiKTeX\2.9\tex\latex\ucs\ucsencs.def
File: ucsencs.def 2011/01/21 Fixes to fontencodings LGR, T3
)
*geometry* driver: auto-detecting
*geometry* detected driver: pdftex
*geometry* verbose mode - [ preamble ] result:
* driver: pdftex
* paper: a4paper
* layout: <same size as paper>
* layoutoffset:(h,v)=(0.0pt,0.0pt)
* modes: 
* h-part:(L,W,R)=(64.01869pt, 469.47049pt, 64.01869pt)
* v-part:(T,H,B)=(71.13188pt, 717.00946pt, 56.9055pt)
* \paperwidth=597.50787pt
* \paperheight=845.04684pt
* \textwidth=469.47049pt
* \textheight=717.00946pt
* \oddsidemargin=-8.2513pt
* \evensidemargin=-8.2513pt
* \topmargin=-38.1381pt
* \headheight=12.0pt
* \headsep=25.0pt
* \topskip=10.0pt
* \footskip=55.0pt
* \marginparwidth=64.01869pt
* \marginparsep=11.0pt
* \columnsep=10.0pt
* \skip\footins=9.0pt plus 4.0pt minus 2.0pt
* \hoffset=0.0pt
* \voffset=0.0pt
* \mag=1000
* \@twocolumnfalse
* \@twosidefalse
* \@mparswitchfalse
* \@reversemarginfalse
* (1in=72.27pt=25.4mm, 1cm=28.453pt)

(C:\Users\alex\AppData\Roaming\MiKTeX\2.9\tex\context\base\supp-pdf.mkii
[Loading MPS to PDF converter (version 2006.09.02).]
\scratchcounter=\count315
\scratchdimen=\dimen273
\scratchbox=\box68
\nofMPsegments=\count316
\nofMParguments=\count317
\everyMPshowfont=\toks44
\MPscratchCnt=\count318
\MPscratchDim=\dimen274
\MPnumerator=\count319
\makeMPintoPDFobject=\count320
\everyMPtoPDFconversion=\toks45
) ("C:\Program Files\MiKTeX 2.9\tex\latex\oberdiek\epstopdf-base.sty"
Package: epstopdf-base 2016/05/15 v2.6 Base part for package epstopdf

("C:\Program Files\MiKTeX 2.9\tex\latex\oberdiek\grfext.sty"
Package: grfext 2016/05/16 v1.2 Manage graphics extensions (HO)
)
Package epstopdf-base Info: Redefining graphics rule for `.eps' on input line 4
38.
Package grfext Info: Graphics extension search list:
(grfext)             [.png,.pdf,.jpg,.mps,.jpeg,.jbig2,.jb2,.PNG,.PDF,.JPG,.JPE
G,.JBIG2,.JB2,.eps]
(grfext)             \AppendGraphicsExtensions on input line 456.
)
\symgns@font=\mathgroup4
LaTeX Font Info:    Overwriting symbol font `gns@font' in version `bold'
(Font)                  TS1/LinuxLibertineT-TLF/m/n --> TS1/LinuxLibertineT-TLF
/bx/n on input line 106.
Package gensymb Info: Math companion symbols declared on input line 106.
LaTeX Info: Redefining \degree on input line 106.
LaTeX Info: Redefining \celsius on input line 106.
Package gensymb Info: Using text companion symbols for \degree, \celsius and \p
erthousand on input line 106.
LaTeX Info: Redefining \ohm on input line 106.
Package gensymb Info: Using \textohm for \ohm on input line 106.
Package gensymb Info: Using \textmu for \micro on input line 106.
\AtBeginShipoutBox=\box69
Package hyperref Info: Link coloring OFF on input line 106.

("C:\Program Files\MiKTeX 2.9\tex\latex\hyperref\nameref.sty"
Package: nameref 2016/05/21 v2.44 Cross-referencing by name of section

("C:\Program Files\MiKTeX 2.9\tex\generic\oberdiek\gettitlestring.sty"
Package: gettitlestring 2016/05/16 v1.5 Cleanup title references (HO)
)
\c@section@level=\count321
)
LaTeX Info: Redefining \ref on input line 106.
LaTeX Info: Redefining \pageref on input line 106.
LaTeX Info: Redefining \nameref on input line 106.
\@outlinefile=\write6
\openout6 = `main.out'.


(C:\Users\alex\AppData\Roaming\MiKTeX\2.9\tex\latex\beamer\translator\dicts\tra
nslator-basic-dictionary\translator-basic-dictionary-English.dict
Dictionary: translator-basic-dictionary, Language: English 
)
(C:\Users\alex\AppData\Roaming\MiKTeX\2.9\tex\latex\siunitx\siunitx-abbreviatio
ns.cfg
File: siunitx-abbreviations.cfg 2017/08/02 v2.7j siunitx: Abbreviated units
) ABD: EveryShipout initializing macros
\c@mv@tabular=\count322
\c@mv@boldtabular=\count323
\c__siunitx_mathsf_int=\count324
LaTeX Font Info:    Try loading font information for TS1+LinuxLibertineT-TLF on
 input line 106.

(C:\Users\alex\AppData\Roaming\MiKTeX\2.9\tex\latex\libertine\ts1linuxlibertine
t-tlf.fd
File: TS1LinuxLibertineT-TLF.fd 2017/03/20 (autoinst) Font definitions for TS1/
LinuxLibertineT-TLF.
)
LaTeX Font Info:    Font shape `TS1/LinuxLibertineT-TLF/m/n' will be
(Font)              scaled to size 10.0pt on input line 106.
LaTeX Font Info:    Font shape `TS1/LinuxLibertineT-TLF/m/n' will be
(Font)              scaled to size 7.0pt on input line 106.
LaTeX Font Info:    Font shape `TS1/LinuxLibertineT-TLF/m/n' will be
(Font)              scaled to size 5.0pt on input line 106.
\c__siunitx_mathtt_int=\count325
LaTeX Font Info:    Font shape `T1/LinuxLibertineT-TLF/m/n' will be
(Font)              scaled to size 17.28pt on input line 109.
LaTeX Font Info:    Font shape `T1/LinuxLibertineT-TLF/m/n' will be
(Font)              scaled to size 12.0pt on input line 109.
LaTeX Font Info:    Font shape `TS1/LinuxLibertineT-TLF/m/n' will be
(Font)              scaled to size 12.0pt on input line 109.
LaTeX Font Info:    Font shape `TS1/LinuxLibertineT-TLF/m/n' will be
(Font)              scaled to size 8.0pt on input line 109.
LaTeX Font Info:    Font shape `TS1/LinuxLibertineT-TLF/m/n' will be
(Font)              scaled to size 6.0pt on input line 109.
LaTeX Font Info:    Font shape `T1/LinuxLibertineT-TLF/b/n' will be
(Font)              scaled to size 12.0pt on input line 109.
LaTeX Font Info:    Font shape `T1/LinuxLibertineT-TLF/m/n' will be
(Font)              scaled to size 14.4pt on input line 110.
LaTeX Font Info:    Font shape `T1/LinuxLibertineT-TLF/b/n' will be
(Font)              scaled to size 14.4pt on input line 110.
 (C:\Users\alex\AppData\Roaming\MiKTeX\2.9\tex\latex\ucs\uni-32.def
File: uni-32.def 2013/05/13 UCS: Unicode data U+2000..U+20FF
)
Underfull \hbox (badness 10000) in paragraph at lines 114--115

 []

LaTeX Font Info:    Font shape `T1/LinuxLibertineT-TLF/b/n' will be
(Font)              scaled to size 10.0pt on input line 119.
LaTeX Font Info:    Try loading font information for T1+LinuxLibertineMonoT-TLF
 on input line 119.

(C:\Users\alex\AppData\Roaming\MiKTeX\2.9\tex\latex\libertine\t1linuxlibertinem
onot-tlf.fd
File: T1LinuxLibertineMonoT-TLF.fd 2017/03/20 (autoinst) Font definitions for T
1/LinuxLibertineMonoT-TLF.
)
LaTeX Font Info:    Font shape `T1/LinuxLibertineMonoT-TLF/m/n' will be
(Font)              scaled to size 10.0pt on input line 119.

Underfull \hbox (badness 5374) in paragraph at lines 119--121
[]\T1/LinuxLibertineT-TLF/b/n/10 SYBR Green I \T1/LinuxLibertineT-TLF/m/n/10 is
 a mu-ta-gen and can pen-e-trate lab-o-ra-tory gloves in a rel-a-tively short
 []


Underfull \hbox (badness 4328) in paragraph at lines 119--121
\T1/LinuxLibertineT-TLF/m/n/10 pe-riod of time, please change your gloves in th
e event of con-tam-i-na-tion. See []$\T1/LinuxLibertineMonoT-TLF/m/n/10 http :
 []


Underfull \hbox (badness 10000) in paragraph at lines 119--121
\T1/LinuxLibertineMonoT-TLF/m/n/10 / / www . sigmaaldrich . com / MSDS / MSDS /
 DisplayMSDSPage . do ? country =
 []


LaTeX Warning: Reference `wellplate' on page 1 undefined on input line 130.


LaTeX Warning: Reference `table:instOne' on page 1 undefined on input line 154.


LaTeX Font Info:    Font shape `TS1/LinuxLibertineT-TLF/b/n' will be
(Font)              scaled to size 10.0pt on input line 175.

LaTeX Warning: Reference `table:instOne' on page 1 undefined on input line 177.


[1

{C:/Users/alex/AppData/Local/MiKTeX/2.9/pdftex/config/pdftex.map}]
LaTeX Font Info:    Font shape `T1/LinuxLibertineT-TLF/m/sl' in size <10> not a
vailable
(Font)              Font shape `T1/LinuxLibertineT-TLF/m/it' tried instead on i
nput line 187.
LaTeX Font Info:    Font shape `T1/LinuxLibertineT-TLF/m/it' will be
(Font)              scaled to size 10.0pt on input line 187.

<1000x350-Horiz-Logo-WhiteRed-BlackText.png, id=32, 1003.75pt x 351.3125pt>
File: 1000x350-Horiz-Logo-WhiteRed-BlackText.png Graphic file (type png)

<use 1000x350-Horiz-Logo-WhiteRed-BlackText.png>
Package pdftex.def Info: 1000x350-Horiz-Logo-WhiteRed-BlackText.png used on inp
ut line 187.
(pdftex.def)             Requested size: 121.93045pt x 42.67912pt.
 [2 <./1000x350-Horiz-Logo-WhiteRed-BlackText.png (PNG copy)>]
! Missing number, treated as zero.
<to be read again> 
                   {
l.238 \end{tabular}}
                     \\ For a detailed description of the gels, see section ...

? 
! Illegal unit of measure (pt inserted).
<to be read again> 
                   {
l.238 \end{tabular}}
                     \\ For a detailed description of the gels, see section ...

? 

LaTeX Warning: Reference `sec:gelAnalysis' on page 3 undefined on input line 23
8.


Overfull \hbox (23.73874pt too wide) in paragraph at lines 238--239
[]\T1/LinuxLibertineT-TLF/m/n/10 0mm[] 
 []

File: 1000x350-Horiz-Logo-WhiteRed-BlackText.png Graphic file (type png)
<use 1000x350-Horiz-Logo-WhiteRed-BlackText.png>
Package pdftex.def Info: 1000x350-Horiz-Logo-WhiteRed-BlackText.png used on inp
ut line 246.
(pdftex.def)             Requested size: 121.93045pt x 42.67912pt.
 [3]

LaTeX Warning: Reference `ssec:etbrAssay' on page 4 undefined on input line 265
.


LaTeX Warning: Reference `ssec:etbrAssay' on page 4 undefined on input line 265
.


LaTeX Warning: Citation `sybrGreenI' on page 4 undefined on input line 270.

File: 1000x350-Horiz-Logo-WhiteRed-BlackText.png Graphic file (type png)
<use 1000x350-Horiz-Logo-WhiteRed-BlackText.png>
Package pdftex.def Info: 1000x350-Horiz-Logo-WhiteRed-BlackText.png used on inp
ut line 271.
(pdftex.def)             Requested size: 121.93045pt x 42.67912pt.
 [4]

LaTeX Warning: Reference `sybrTrend' on page 5 undefined on input line 272.

<sybrTrend.png, id=100, 782.17218pt x 516.42938pt>
File: sybrTrend.png Graphic file (type png)
 <use sybrTrend.png>
Package pdftex.def Info: sybrTrend.png used on input line 276.
(pdftex.def)             Requested size: 281.68515pt x 185.98535pt.


LaTeX Warning: Reference `etbr1' on page 5 undefined on input line 285.


LaTeX Warning: Reference `etbr2' on page 5 undefined on input line 285.


LaTeX Warning: Citation `etbrSpec' on page 5 undefined on input line 294.


LaTeX Warning: Reference `fig:etbrAbs' on page 5 undefined on input line 294.


LaTeX Warning: Citation `uvWaterAbs' on page 5 undefined on input line 294.


LaTeX Warning: Reference `fig:waterAbs' on page 5 undefined on input line 294.

<waterAbsProf.png, id=102, 485.56406pt x 447.92343pt>
File: waterAbsProf.png Graphic file (type png)
 <use waterAbsProf.png>
Package pdftex.def Info: waterAbsProf.png used on input line 298.
(pdftex.def)             Requested size: 154.92612pt x 142.91466pt.


LaTeX Warning: Citation `uvWaterAbs' on page 5 undefined on input line 299.

<etbrAbs.png, id=103, 1027.84pt x 687.56876pt>
File: etbrAbs.png Graphic file (type png)
 <use etbrAbs.png>
Package pdftex.def Info: etbrAbs.png used on input line 306.
(pdftex.def)             Requested size: 154.92612pt x 103.63445pt.
LaTeX Font Info:    Font shape `T1/LinuxLibertineT-TLF/m/n' will be
(Font)              scaled to size 9.0pt on input line 309.

<gels/tlw-1-day5-reading1-80min.png, id=107, 352.1958pt x 224.037pt>
File: gels/tlw-1-day5-reading1-80min.png Graphic file (type png)

<use gels/tlw-1-day5-reading1-80min.png>
Package pdftex.def Info: gels/tlw-1-day5-reading1-80min.png used on input line 
349.
(pdftex.def)             Requested size: 422.52057pt x 268.77466pt.
File: 1000x350-Horiz-Logo-WhiteRed-BlackText.png Graphic file (type png)

<use 1000x350-Horiz-Logo-WhiteRed-BlackText.png>
Package pdftex.def Info: 1000x350-Horiz-Logo-WhiteRed-BlackText.png used on inp
ut line 349.
(pdftex.def)             Requested size: 121.93045pt x 42.67912pt.
 [5 <./sybrTrend.png>]

LaTeX Warning: Reference `read1' on page 6 undefined on input line 378.


LaTeX Warning: Reference `read2' on page 6 undefined on input line 378.


LaTeX Warning: Reference `etbr2' on page 6 undefined on input line 378.


LaTeX Warning: Reference `ssec:etbrAssay' on page 6 undefined on input line 378
.


LaTeX Warning: Reference `read1' on page 6 undefined on input line 378.


LaTeX Warning: Reference `read2' on page 6 undefined on input line 378.


LaTeX Warning: Reference `etbr2' on page 6 undefined on input line 378.


LaTeX Warning: Reference `ssec:etbrAssay' on page 6 undefined on input line 378
.


LaTeX Warning: Reference `ssec:etbrAssay' on page 6 undefined on input line 428
.


LaTeX Warning: Reference `ssec:etbrAssay' on page 6 undefined on input line 444
.

No file main.bbl.
File: 1000x350-Horiz-Logo-WhiteRed-BlackText.png Graphic file (type png)
<use 1000x350-Horiz-Logo-WhiteRed-BlackText.png>
Package pdftex.def Info: 1000x350-Horiz-Logo-WhiteRed-BlackText.png used on inp
ut line 451.
(pdftex.def)             Requested size: 121.93045pt x 42.67912pt.
 [6 <./waterAbsProf.png> <./etbrAbs.png>]
Package atveryend Info: Empty hook `BeforeClearDocument' on input line 451.
File: 1000x350-Horiz-Logo-WhiteRed-BlackText.png Graphic file (type png)
 <use 1000x350-Horiz-Logo-WhiteRed-BlackText.png>
Package pdftex.def Info: 1000x350-Horiz-Logo-WhiteRed-BlackText.png used on inp
ut line 451.
(pdftex.def)             Requested size: 121.93045pt x 42.67912pt.
 [7 <./gels/tlw-1-day5-reading1-80min.png>]
File: 1000x350-Horiz-Logo-WhiteRed-BlackText.png Graphic file (type png)
 <use 1000x350-Horiz-Logo-WhiteRed-BlackText.png>
Package pdftex.def Info: 1000x350-Horiz-Logo-WhiteRed-BlackText.png used on inp
ut line 451.
(pdftex.def)             Requested size: 121.93045pt x 42.67912pt.

[8]
Package atveryend Info: Empty hook `AfterLastShipout' on input line 451.
 (main.aux)
Package atveryend Info: Executing hook `AtVeryEndDocument' on input line 451.
Package atveryend Info: Executing hook `AtEndAfterFileList' on input line 451.


Package rerunfilecheck Warning: File `main.out' has changed.
(rerunfilecheck)                Rerun to get outlines right
(rerunfilecheck)                or use package `bookmark'.

Package rerunfilecheck Info: Checksums for `main.out':
(rerunfilecheck)             Before: <no file>
(rerunfilecheck)             After:  DF2DF48CF098A62133742A540C60EAF5;883.

LaTeX Warning: There were undefined references.


LaTeX Warning: Label(s) may have changed. Rerun to get cross-references right.

Package atveryend Info: Empty hook `AtVeryVeryEnd' on input line 451.
 ) 
Here is how much of TeX's memory you used:
 29724 strings out of 493323
 587404 string characters out of 3139068
 660074 words of memory out of 3000000
 32750 multiletter control sequences out of 15000+200000
 588597 words of font info for 77 fonts, out of 3000000 for 9000
 1141 hyphenation exceptions out of 8191
 54i,14n,73p,10357b,1108s stack positions out of 5000i,500n,10000p,200000b,50000s
{C:/Users/alex/AppData/Roaming/MiKTeX/2.9/fonts/enc/dvips/libertine/lbtn_7f4c
e4.enc}{C:/Users/alex/AppData/Roaming/MiKTeX/2.9/fonts/enc/dvips/libertine/lbtn
_7grukw.enc}{C:/Users/alex/AppData/Roaming/MiKTeX/2.9/fonts/enc/dvips/libertine
/lbtn_d6jdyt.enc}{C:/Users/alex/AppData/Roaming/MiKTeX/2.9/fonts/enc/dvips/libe
rtine/lbtn_naooyc.enc}{C:/Users/alex/AppData/Roaming/MiKTeX/2.9/fonts/enc/dvips
/libertine/lbtn_nh77jq.enc}{C:/Users/alex/AppData/Roaming/MiKTeX/2.9/fonts/enc/
dvips/libertine/lbtn_76gpa5.enc}<C:/Users/alex/AppData/Roaming/MiKTeX/2.9/fonts
/type1/public/libertine/LinLibertineMT.pfb><C:/Users/alex/AppData/Roaming/MiKTe
X/2.9/fonts/type1/public/libertine/LinLibertineT.pfb><C:/Users/alex/AppData/Roa
ming/MiKTeX/2.9/fonts/type1/public/libertine/LinLibertineTB.pfb><C:/Users/alex/
AppData/Roaming/MiKTeX/2.9/fonts/type1/public/libertine/LinLibertineTI.pfb><C:/
Program Files/MiKTeX 2.9/fonts/type1/public/amsfonts/cm/cmr10.pfb><C:/Program F
iles/MiKTeX 2.9/fonts/type1/public/amsfonts/cm/cmr7.pfb><C:/Program Files/MiKTe
X 2.9/fonts/type1/public/amsfonts/cm/cmsy10.pfb><C:/Program Files/MiKTeX 2.9/fo
nts/type1/public/amsfonts/cm/cmsy7.pfb>
Output written on main.pdf (8 pages, 2450300 bytes).
PDF statistics:
 198 PDF objects out of 1000 (max. 8388607)
 88 named destinations out of 1000 (max. 500000)
 38 words of extra memory for PDF output out of 10000 (max. 10000000)

